This is pdfTeX, Version 3.141592653-2.6-1.40.29 (TeX Live 2026) (preloaded format=pdflatex 2026.7.3)  18 JUL 2026 19:21
entering extended mode
 restricted \write18 enabled.
 file:line:error style messages enabled.
 %&-line parsing enabled.
**/Users/brenokernrangel/Documents/TCC/Texto/main.tex
(/Users/brenokernrangel/Documents/TCC/Texto/main.tex
LaTeX2e <2025-11-01>
L3 programming layer <2026-01-19>
(/usr/local/texlive/2026basic/texmf-dist/tex/latex/abntex2/abntex2.cls
Document Class: abntex2 2018/11/24 v-1.9.7 abnTeX2
(/usr/local/texlive/2026basic/texmf-dist/tex/latex/base/ifthen.sty
Package: ifthen 2024/03/16 v1.1e Standard LaTeX ifthen package (DPC)
) (/usr/local/texlive/2026basic/texmf-dist/tex/latex/memoir/memoir.cls
Document Class: memoir 2025/11/04 v3.8.4b configurable book, report, article document class
(/usr/local/texlive/2026basic/texmf-dist/tex/latex/xpatch/xpatch.sty (/usr/local/texlive/2026basic/texmf-dist/tex/latex/l3kernel/expl3.sty
Package: expl3 2026-01-19 L3 programming layer (loader) 
 (/usr/local/texlive/2026basic/texmf-dist/tex/latex/l3backend/l3backend-pdftex.def
File: l3backend-pdftex.def 2025-10-09 L3 backend support: PDF output (pdfTeX)
\l__color_backend_stack_int=\count275
))
Package: xpatch 2020/03/25 v0.3a Extending etoolbox patching commands
 (/usr/local/texlive/2026basic/texmf-dist/tex/latex/l3packages/xparse/xparse.sty
Package: xparse 2025-10-09 L3 Experimental document command parser
) (/usr/local/texlive/2026basic/texmf-dist/tex/latex/etoolbox/etoolbox.sty
Package: etoolbox 2025/10/02 v2.5m e-TeX tools for LaTeX (JAW)
\etb@tempcnta=\count276
))
\onelineskip=\skip49
\lxvchars=\skip50
\xlvchars=\skip51
\@memcnta=\count277
\c@@memmarkcntra=\count278
 (/usr/local/texlive/2026basic/texmf-dist/tex/generic/iftex/iftex.sty
Package: iftex 2024/12/12 v1.0g TeX engine tests
)
\trimtop=\skip52
\trimedge=\skip53
 (/usr/local/texlive/2026basic/texmf-dist/tex/latex/memoir/mem12.clo
File: mem12.clo 2022/07/29 v0.5 memoir class 12pt size option
)
\binding=\skip54
\spinemargin=\skip55
\foremargin=\skip56
\uppermargin=\skip57
\lowermargin=\skip58
\headdrop=\skip59
\normalrulethickness=\skip60
\mem@maxheadheight=\skip61
\mem@maxfootheight=\skip62
\headwidth=\skip63
\c@storedpagenumber=\count279
\memPD=\dimen148
\m@mabparskip=\skip64
\thanksmarkwidth=\skip65
\thanksmarksep=\skip66
\droptitle=\skip67
\c@book=\count280
\c@part=\count281
\c@chapter=\count282
\c@section=\count283
\c@subsection=\count284
\c@subsubsection=\count285
\c@paragraph=\count286
\c@subparagraph=\count287
\beforechapskip=\skip68
\midchapskip=\skip69
\afterchapskip=\skip70
\chapindent=\skip71
\bottomsectionskip=\skip72
\secindent=\skip73
\beforesecskip=\skip74
\aftersecskip=\skip75
\subsecindent=\skip76
\beforesubsecskip=\skip77
\aftersubsecskip=\skip78
\subsubsecindent=\skip79
\beforesubsubsecskip=\skip80
\aftersubsubsecskip=\skip81
\paraindent=\skip82
\beforeparaskip=\skip83
\afterparaskip=\skip84
\subparaindent=\skip85
\beforesubparaskip=\skip86
\aftersubparaskip=\skip87
\pfbreakskip=\skip88
\c@@ppsavesec=\count288
\c@@ppsaveapp=\count289
\ragrparindent=\dimen149
\everylistparindent=\dimen150
\parsepi=\skip89
\topsepi=\skip90
\itemsepi=\skip91
\parsepii=\skip92
\topsepii=\skip93
\topsepiii=\skip94
\itemsepii=\skip95
\itemsepiii=\skip96
\partopsepii=\skip97
\partopsepiii=\skip98
\m@msavetopsep=\skip99
\m@msavepartopsep=\skip100
\@enLab=\toks17
\abstitleskip=\skip101
\absleftindent=\skip102
\abs@leftindent=\dimen151
\absrightindent=\skip103
\absparindent=\skip104
\absparsep=\skip105
\c@vslineno=\count290
\c@poemline=\count291
\c@modulo@vs=\count292
\c@memfvsline=\count293
\vleftskip=\skip106
\vrightskip=\skip107
\stanzaskip=\skip108
\versewidth=\skip109
\vgap=\skip110
\vindent=\skip111
\vleftmargin=\dimen152
\c@verse=\count294
\c@chrsinstr=\count295
\beforepoemtitleskip=\skip112
\afterpoemtitleskip=\skip113
\c@poem=\count296
\beforePoemTitleskip=\skip114
\midPoemTitleskip=\skip115
\afterPoemTitleskip=\skip116
 (/usr/local/texlive/2026basic/texmf-dist/tex/latex/tools/array.sty
Package: array 2025/09/25 v2.6n Tabular extension package (FMi)
\col@sep=\dimen153
\ar@mcellbox=\box53
\extrarowheight=\dimen154
\NC@list=\toks18
\extratabsurround=\skip117
\backup@length=\skip118
\ar@cellbox=\box54
) (/usr/local/texlive/2026basic/texmf-dist/tex/latex/tools/dcolumn.sty
Package: dcolumn 2025/10/21 v1.06 decimal alignment package (DPC)
) (/usr/local/texlive/2026basic/texmf-dist/tex/latex/tools/delarray.sty
Package: delarray 2014/10/28 v1.01 array delimiter package (DPC)
) (/usr/local/texlive/2026basic/texmf-dist/tex/latex/tools/tabularx.sty
Package: tabularx 2023/12/11 v2.12a `tabularx' package (DPC)
\TX@col@width=\dimen155
\TX@old@table=\dimen156
\TX@old@col=\dimen157
\TX@target=\dimen158
\TX@delta=\dimen159
\TX@cols=\count297
\TX@ftn=\toks19
) (/usr/local/texlive/2026basic/texmf-dist/tex/latex/booktabs/booktabs.sty
Package: booktabs 2020/01/12 v1.61803398 Publication quality tables
\heavyrulewidth=\dimen160
\lightrulewidth=\dimen161
\cmidrulewidth=\dimen162
\belowrulesep=\dimen163
\belowbottomsep=\dimen164
\aboverulesep=\dimen165
\abovetopsep=\dimen166
\cmidrulesep=\dimen167
\cmidrulekern=\dimen168
\defaultaddspace=\dimen169
\@cmidla=\count298
\@cmidlb=\count299
\@aboverulesep=\dimen170
\@belowrulesep=\dimen171
\@thisruleclass=\count300
\@lastruleclass=\count301
\@thisrulewidth=\dimen172
)
\ctableftskip=\skip119
\ctabrightskip=\skip120
\abovecolumnspenalty=\count302
\@linestogo=\count303
\@cellstogo=\count304
\@cellsincolumn=\count305
\crtok=\toks20
\@mincolumnwidth=\dimen173
\c@newflo@tctr=\count306
\mem@margin@floatbox=\box55
\@contcwidth=\skip121
\@contindw=\skip122
\abovecaptionskip=\skip123
\belowcaptionskip=\skip124
\subfloattopskip=\skip125
\subfloatcapskip=\skip126
\subfloatcaptopadj=\skip127
\subfloatbottomskip=\skip128
\subfloatlabelskip=\skip129
\subfloatcapmargin=\dimen174
\c@@contsubnum=\count307
\m@mscap@capbox=\box56
\m@mscap@fbox=\box57
\sidecapsep=\dimen175
\sidecapwidth=\dimen176
\m@m@tempdima=\dimen177
\m@mscapraise=\dimen178
\sidecapraise=\dimen179
\m@mscapmainwidth=\dimen180
\m@mscaplkern=\dimen181
\beforeepigraphskip=\skip130
\afterepigraphskip=\skip131
\epigraphwidth=\skip132
\epigraphrule=\skip133
 (/usr/local/texlive/2026basic/texmf-dist/tex/latex/hyperref/nameref.sty
Package: nameref 2026-01-29 v2.58 Cross-referencing by name of section
 (/usr/local/texlive/2026basic/texmf-dist/tex/latex/refcount/refcount.sty
Package: refcount 2019/12/15 v3.6 Data extraction from label references (HO)
 (/usr/local/texlive/2026basic/texmf-dist/tex/generic/ltxcmds/ltxcmds.sty
Package: ltxcmds 2023-12-04 v1.26 LaTeX kernel commands for general use (HO)
) (/usr/local/texlive/2026basic/texmf-dist/tex/generic/infwarerr/infwarerr.sty
Package: infwarerr 2019/12/03 v1.5 Providing info/warning/error messages (HO)
)) (/usr/local/texlive/2026basic/texmf-dist/tex/generic/gettitlestring/gettitlestring.sty
Package: gettitlestring 2019/12/15 v1.6 Cleanup title references (HO)
 (/usr/local/texlive/2026basic/texmf-dist/tex/latex/kvoptions/kvoptions.sty
Package: kvoptions 2022-06-15 v3.15 Key value format for package options (HO)
 (/usr/local/texlive/2026basic/texmf-dist/tex/latex/graphics/keyval.sty
Package: keyval 2022/05/29 v1.15 key=value parser (DPC)
\KV@toks@=\toks21
) (/usr/local/texlive/2026basic/texmf-dist/tex/latex/kvsetkeys/kvsetkeys.sty
Package: kvsetkeys 2022-10-05 v1.19 Key value parser (HO)
)))
\c@section@level=\count308
)
\tocentryskip=\skip134
\tocbaseline=\skip135
\cftparskip=\skip136
\cftbeforebookskip=\skip137
\cftbookindent=\dimen182
\cftbooknumwidth=\dimen183
\cftbeforepartskip=\skip138
\cftpartindent=\skip139
\cftpartnumwidth=\skip140
\cftbeforechapterskip=\skip141
\cftchapterindent=\skip142
\cftchapternumwidth=\skip143
\cftbeforesectionskip=\skip144
\cftsectionindent=\skip145
\cftsectionnumwidth=\skip146
\cftbeforesubsectionskip=\skip147
\cftsubsectionindent=\skip148
\cftsubsectionnumwidth=\skip149
\cftbeforesubsubsectionskip=\skip150
\cftsubsubsectionindent=\skip151
\cftsubsubsectionnumwidth=\skip152
\cftbeforeparagraphskip=\skip153
\cftparagraphindent=\skip154
\cftparagraphnumwidth=\skip155
\cftbeforesubparagraphskip=\skip156
\cftsubparagraphindent=\skip157
\cftsubparagraphnumwidth=\skip158
\prechapterprecisshift=\dimen184
\c@maxsecnumdepth=\count309
\bibindent=\dimen185
\bibitemsep=\skip159
\indexcolsep=\skip160
\indexrule=\skip161
\indexmarkstyle=\toks22
\@indexbox=\insert252
LaTeX Info: Redefining \raggedbottom on input line 8095.
LaTeX Info: Redefining \flushbottom on input line 8099.
\glossarycolsep=\dimen186
\glossaryrule=\dimen187
\sideparvshift=\skip162
\sideins=\insert251
\sidebartopsep=\skip163
\sidebarhsep=\skip164
\sidebarvsep=\skip165
\sidebarwidth=\skip166
\footmarkwidth=\skip167
\footmarksep=\skip168
\footparindent=\skip169
\footinsdim=\skip170
\footinsv@r=\insert250
\@mpfootinsv@r=\insert249
\m@m@k=\count310
\m@m@h=\dimen188
\m@mipn@skip=\skip171
\sidefootins=\insert248
\sidefootadjust=\skip172
\sidefootheight=\skip173
\sidefoothsep=\skip174
\sidefootvsep=\skip175
\sidefootwidth=\skip176
\m@mdownsf=\skip177
\c@sidefootnote=\count311
\sidefootmarkwidth=\skip178
\sidefootmarksep=\skip179
\sidefootparindent=\skip180
\c@pagenote=\count312
\c@pagenoteshadow=\count313
\mem@pn@lastkern=\skip181
 (/usr/local/texlive/2026basic/texmf-dist/tex/latex/tools/verbatim.sty
Package: verbatim 2024-01-22 v1.5x LaTeX2e package for verbatim enhancements
\every@verbatim=\toks23
\verbatim@line=\toks24
\verbatim@in@stream=\read2
)
\verbatimindent=\skip182
\verbatim@out=\write3
 (/usr/local/texlive/2026basic/texmf-dist/tex/latex/base/shortvrb.sty
Package: shortvrb 2024/12/25 v3.0q Standard LaTeX documentation package V3 (FMi)
)
\bvboxsep=\skip183
\c@memfbvline=\count314
\c@bvlinectr=\count315
\bvnumlength=\skip184
\fb@frw=\dimen189
\fb@frh=\dimen190
\FrameRule=\dimen191
\FrameSep=\dimen192
\c@cp@cntr=\count316
\c@ism@mctr=\count317
\c@xsm@mctr=\count318
\c@csm@mctr=\count319
\c@ksm@mctr=\count320
\c@xksm@mctr=\count321
\c@cksm@mctr=\count322
\c@msm@mctr=\count323
\c@xmsm@mctr=\count324
\c@cmsm@mctr=\count325
\c@bsm@mctr=\count326
\c@workm@mctr=\count327
\c@sheetsequence=\count328
\c@lastsheet=\count329
\c@lastpage=\count330
\c@figure=\count331
\c@lofdepth=\count332
\cftbeforefigureskip=\skip185
\cftfigureindent=\skip186
\cftfigurenumwidth=\skip187
\c@table=\count333
\c@lotdepth=\count334
\cftbeforetableskip=\skip188
\cfttableindent=\skip189
\cfttablenumwidth=\skip190
Package abstract [2008/07/23] emulated by memoir.
Package appendix [2008/07/23] emulated by memoir.
Package ccaption [2008/07/23] emulated by memoir.
Package changepage [2008/07/23] emulated by memoir.
Package chngcntr [2008/07/23] emulated by memoir.
Package chngpage [2008/07/23] emulated by memoir.
Package crop emulated by memoir.
Package enumerate [2008/07/23] emulated by memoir.
Package epigraph [2008/07/23] emulated by memoir.
Package ifmtarg [2008/07/23] emulated by memoir.
Package index [2008/07/23] emulated by memoir.
Package makeidx [2008/07/23] emulated by memoir.
Package moreverb [2008/07/23] emulated by memoir.
Package needspace [2008/07/23] emulated by memoir.
Package newfile [2008/07/23] emulated by memoir.
Package nextpage [2008/07/23] emulated by memoir.
Package pagenote [2008/07/23] emulated by memoir.
Package parskip [2008/07/23] emulated by memoir.
Package patchcmd [2008/07/23] emulated by memoir.
Package setspace [2008/07/23] emulated by memoir.
Package showidx [2008/07/23] emulated by memoir.
Package titleref [2008/07/23] emulated by memoir.
Package titling [2008/07/23] emulated by memoir.
Package tocbibind [2008/07/23] emulated by memoir.
Package tocloft [2008/07/23] emulated by memoir.
Package tocvsec2 [2008/07/23] emulated by memoir.
Package verse [2008/07/23] emulated by memoir.
) (/usr/local/texlive/2026basic/texmf-dist/tex/latex/textcase/textcase.sty
Package: textcase 2025/02/16 v1.05 Text only upper/lower case changing (DPC)
Package textcase Info: Defining Legacy names on input line 20.
) (/usr/local/texlive/2026basic/texmf-dist/tex/latex/hyperref/hyperref.sty
Package: hyperref 2026-01-29 v7.01p Hypertext links for LaTeX
 (/usr/local/texlive/2026basic/texmf-dist/tex/generic/kvdefinekeys/kvdefinekeys.sty
Package: kvdefinekeys 2019-12-19 v1.6 Define keys (HO)
) (/usr/local/texlive/2026basic/texmf-dist/tex/generic/pdfescape/pdfescape.sty
Package: pdfescape 2019/12/09 v1.15 Implements pdfTeX's escape features (HO)
 (/usr/local/texlive/2026basic/texmf-dist/tex/generic/pdftexcmds/pdftexcmds.sty
Package: pdftexcmds 2020-06-27 v0.33 Utility functions of pdfTeX for LuaTeX (HO)
Package pdftexcmds Info: \pdf@primitive is available.
Package pdftexcmds Info: \pdf@ifprimitive is available.
Package pdftexcmds Info: \pdfdraftmode found.
)) (/usr/local/texlive/2026basic/texmf-dist/tex/latex/hycolor/hycolor.sty
Package: hycolor 2020-01-27 v1.10 Color options for hyperref/bookmark (HO)
) (/usr/local/texlive/2026basic/texmf-dist/tex/generic/stringenc/stringenc.sty
Package: stringenc 2019/11/29 v1.12 Convert strings between diff. encodings (HO)
)
\@linkdim=\dimen193
\Hy@linkcounter=\count335
\Hy@pagecounter=\count336
 (/usr/local/texlive/2026basic/texmf-dist/tex/latex/hyperref/pd1enc.def
File: pd1enc.def 2026-01-29 v7.01p Hyperref: PDFDocEncoding definition (HO)
Now handling font encoding PD1 ...
... no UTF-8 mapping file for font encoding PD1
) (/usr/local/texlive/2026basic/texmf-dist/tex/generic/intcalc/intcalc.sty
Package: intcalc 2019/12/15 v1.3 Expandable calculations with integers (HO)
)
\Hy@SavedSpaceFactor=\count337
 (/usr/local/texlive/2026basic/texmf-dist/tex/latex/hyperref/puenc.def
File: puenc.def 2026-01-29 v7.01p Hyperref: PDF Unicode definition (HO)
Now handling font encoding PU ...
... no UTF-8 mapping file for font encoding PU
)
Package hyperref Info: Hyper figures OFF on input line 4201.
Package hyperref Info: Link nesting OFF on input line 4206.
Package hyperref Info: Hyper index ON on input line 4209.
Package hyperref Info: Plain pages OFF on input line 4216.
Package hyperref Info: Backreferencing OFF on input line 4221.
Package hyperref Info: Implicit mode ON; LaTeX internals redefined.
Package hyperref Info: Bookmarks ON on input line 4468.
\c@Hy@tempcnt=\count338
 (/usr/local/texlive/2026basic/texmf-dist/tex/latex/url/url.sty
\Urlmuskip=\muskip17
Package: url 2013/09/16  ver 3.4  Verb mode for urls, etc.
)
LaTeX Info: Redefining \url on input line 4807.
\XeTeXLinkMargin=\dimen194
 (/usr/local/texlive/2026basic/texmf-dist/tex/generic/bitset/bitset.sty
Package: bitset 2019/12/09 v1.3 Handle bit-vector datatype (HO)
 (/usr/local/texlive/2026basic/texmf-dist/tex/generic/bigintcalc/bigintcalc.sty
Package: bigintcalc 2019/12/15 v1.5 Expandable calculations on big integers (HO)
))
\Fld@menulength=\count339
\Field@Width=\dimen195
\Fld@charsize=\dimen196
Package hyperref Info: Hyper figures OFF on input line 6084.
Package hyperref Info: Link nesting OFF on input line 6089.
Package hyperref Info: Hyper index ON on input line 6092.
Package hyperref Info: backreferencing OFF on input line 6099.
Package hyperref Info: Link coloring OFF on input line 6104.
Package hyperref Info: Link coloring with OCG OFF on input line 6109.
Package hyperref Info: PDF/A mode OFF on input line 6114.
\Hy@abspage=\count340
\c@Item=\count341
\c@Hfootnote=\count342
)
Package hyperref Info: Driver (autodetected): hpdftex.
 (/usr/local/texlive/2026basic/texmf-dist/tex/latex/hyperref/hpdftex.def
File: hpdftex.def 2026-01-29 v7.01p Hyperref driver for pdfTeX
\Fld@listcount=\count343
\c@bookmark@seq@number=\count344
 (/usr/local/texlive/2026basic/texmf-dist/tex/latex/rerunfilecheck/rerunfilecheck.sty
Package: rerunfilecheck 2025-06-21 v1.11 Rerun checks for auxiliary files (HO)
 (/usr/local/texlive/2026basic/texmf-dist/tex/generic/uniquecounter/uniquecounter.sty
Package: uniquecounter 2019/12/15 v1.4 Provide unlimited unique counter (HO)
)
Package uniquecounter Info: New unique counter `rerunfilecheck' on input line 284.
)
\Hy@SectionHShift=\skip191
) (/usr/local/texlive/2026basic/texmf-dist/tex/latex/memoir/memhfixc.sty
Package: memhfixc 2025/09/16 v1.24 hyperref package fixes for memoir class
\c@memhycontfloat=\count345
\c@mem@Hpagenote=\count346
) (/usr/local/texlive/2026basic/texmf-dist/tex/latex/bookmark/bookmark.sty
Package: bookmark 2023-12-10 v1.31 PDF bookmarks (HO)
 (/usr/local/texlive/2026basic/texmf-dist/tex/latex/bookmark/bkm-pdftex.def
File: bkm-pdftex.def 2023-12-10 v1.31 bookmark driver for pdfTeX and luaTeX (HO)
\BKM@id=\count347
)) (/usr/local/texlive/2026basic/texmf-dist/tex/generic/babel/babel.sty
Package: babel 2026/02/14 v26.3 The multilingual framework for LuaLaTeX, pdfLaTeX and XeLaTeX
\babel@savecnt=\count348
LaTeX Encoding Info:    Redeclaring text command \ij (encoding OT1) on input line 2078.
LaTeX Encoding Info:    Redeclaring text command \IJ (encoding OT1) on input line 2080.
LaTeX Encoding Info:    Redeclaring text command \ij (encoding T1) on input line 2082.
LaTeX Encoding Info:    Redeclaring text command \IJ (encoding T1) on input line 2083.
LaTeX Encoding Info:    Ignoring declaration for text command \ij (encoding ?) on input line 2084.
LaTeX Encoding Info:    Ignoring declaration for text command \IJ (encoding ?) on input line 2086.
LaTeX Encoding Info:    Ignoring declaration for text command \SS (encoding ?) on input line 2111.
\U@D=\dimen197
\l@unhyphenated=\language23
 (/usr/local/texlive/2026basic/texmf-dist/tex/generic/babel/txtbabel.def)
\bbl@readstream=\read3
\bbl@dirlevel=\count349
 (/usr/local/texlive/2026basic/texmf-dist/tex/generic/babel/locale/en/babel-english.tex) (/usr/local/texlive/2026basic/texmf-dist/tex/generic/babel/locale/invalid/babel-brazil.tex)
Package babel Info: Importing font and identification data for english
(babel)             from babel-en.ini. Reported on input line 4330.
 (/usr/local/texlive/2026basic/texmf-dist/tex/generic/babel-english/english.ldf
Language: english 2017/06/06 v3.3r English support from the babel system
Package babel Info: Hyphen rules for 'canadian' set to \l@english
(babel)             (\language0). Reported on input line 102.
Package babel Info: Hyphen rules for 'australian' set to \l@ukenglish
(babel)             (\language7). Reported on input line 105.
Package babel Info: Hyphen rules for 'newzealand' set to \l@ukenglish
(babel)             (\language7). Reported on input line 108.
)

Package babel Warning: Name 'brazil' is deprecated.
(babel)                Use 'brazilian' instead.
(babel)                Reported on input line 4330.

Package babel Info: Importing font and identification data for brazil
(babel)             from babel-pt-BR.ini. Reported on input line 4330.
(/usr/local/texlive/2026basic/texmf-dist/tex/generic/babel-portuges/brazilian.ldf
Language: portuges 2026/01/24 v1.2u Portuguese support from the babel system
Package babel Info: Hyphen rules for 'brazil' set to \l@portuguese
(babel)             (\language20). Reported on input line 100.
Package babel Info: Making " an active character on input line 132.
)) (/usr/local/texlive/2026basic/texmf-dist/tex/latex/enumitem/enumitem.sty
Package: enumitem 2025/02/06 v3.11 Customized lists
\labelindent=\skip192
\enit@outerparindent=\dimen198
\enit@toks=\toks25
\enit@inbox=\box58
\enit@count@id=\count350
\enitdp@description=\count351
) (/usr/local/texlive/2026basic/texmf-dist/tex/latex/tools/calc.sty
Package: calc 2025/03/01 v4.3b Infix arithmetic (KKT,FJ)
\calc@Acount=\count352
\calc@Bcount=\count353
\calc@Adimen=\dimen199
\calc@Bdimen=\dimen256
\calc@Askip=\skip193
\calc@Bskip=\skip194
LaTeX Info: Redefining \setlength on input line 86.
LaTeX Info: Redefining \addtolength on input line 87.
\calc@Ccount=\count354
\calc@Cskip=\skip195
)

******************************************************
Stock height and width: 845.04684pt by 597.50787pt
Top and edge trims: 0pt and 0pt
Page height and width: 845.04684pt by 597.50787pt
Text height and width: 708pt by 455pt
Spine and edge margins: 85.35826pt and 56.9055pt
Upper and lower margins: 85.35826pt and 51.68858pt
Headheight and headsep: 14.5pt and 19.8738pt
Footskip: 30pt
Columnsep and columnseprule: 10pt and 0pt
Marginparsep and marginparwidth: 7pt and 42.9055pt
Sidecapsep and sidecapwidth: 7pt and 42pt
Sidebarhsep and sidebarwidth: 7pt and 42pt
Sidebarvsep and sidebartopsep: 14.5pt and 0pt
Sidebarheight: 590.14995pt
Sidefoothsep and sidefootwidth: 7pt and 42pt
Sidefootvsep and sidefootheight: 14.5pt and 590.14995pt
******************************************************

\c@abntex@bookmarkcounter=\count355
\cftlastnumwidth=\skip196

Class memoir Warning: \settocpreprocessor is marked deprecated and will be
(memoir)              removed in 2026, the problem it tried to solve 
(memoir)              (see manual, section 9.2.3),
(memoir)              has been fixed in the kernel, and the feature is
(memoir)              no longer needed. on input line 483.

\chapternamenumlength=\skip197
\ABNTEXcitacaorecuo=\skip198
\c@alineasi=\count356
\c@alineasii=\count357
\enitdp@alineas=\count358
\c@subalineasi=\count359
\enitdp@subalineas=\count360
\c@incisosi=\count361
\enitdp@incisos=\count362
\ABNTEXsignwidth=\skip199
\ABNTEXsignthickness=\skip256
\ABNTEXsignskip=\skip257
) (./formatacao.tex (/usr/local/texlive/2026basic/texmf-dist/tex/latex/base/inputenc.sty
Package: inputenc 2024/02/08 v1.3d Input encoding file
\inpenc@prehook=\toks26
\inpenc@posthook=\toks27
) (/usr/local/texlive/2026basic/texmf-dist/tex/latex/base/fontenc.sty
Package: fontenc 2025/07/18 v2.1d Standard LaTeX package
) (/usr/local/texlive/2026basic/texmf-dist/tex/latex/amsmath/amsmath.sty
Package: amsmath 2025/07/09 v2.17z AMS math features
\@mathmargin=\skip258

For additional information on amsmath, use the `?' option.
(/usr/local/texlive/2026basic/texmf-dist/tex/latex/amsmath/amstext.sty
Package: amstext 2024/11/17 v2.01 AMS text
 (/usr/local/texlive/2026basic/texmf-dist/tex/latex/amsmath/amsgen.sty
File: amsgen.sty 1999/11/30 v2.0 generic functions
\@emptytoks=\toks28
\ex@=\dimen257
)) (/usr/local/texlive/2026basic/texmf-dist/tex/latex/amsmath/amsbsy.sty
Package: amsbsy 1999/11/29 v1.2d Bold Symbols
\pmbraise@=\dimen258
) (/usr/local/texlive/2026basic/texmf-dist/tex/latex/amsmath/amsopn.sty
Package: amsopn 2022/04/08 v2.04 operator names
)
\inf@bad=\count363
LaTeX Info: Redefining \frac on input line 233.
\uproot@=\count364
\leftroot@=\count365
LaTeX Info: Redefining \overline on input line 398.
LaTeX Info: Redefining \colon on input line 409.
\classnum@=\count366
\DOTSCASE@=\count367
LaTeX Info: Redefining \ldots on input line 495.
LaTeX Info: Redefining \dots on input line 498.
LaTeX Info: Redefining \cdots on input line 619.
\Mathstrutbox@=\box59
\strutbox@=\box60
LaTeX Info: Redefining \big on input line 721.
LaTeX Info: Redefining \Big on input line 722.
LaTeX Info: Redefining \bigg on input line 723.
LaTeX Info: Redefining \Bigg on input line 724.
\big@size=\dimen259
LaTeX Font Info:    Redeclaring font encoding OML on input line 742.
LaTeX Font Info:    Redeclaring font encoding OMS on input line 743.
\macc@depth=\count368
LaTeX Info: Redefining \bmod on input line 904.
LaTeX Info: Redefining \pmod on input line 909.
LaTeX Info: Redefining \smash on input line 939.
LaTeX Info: Redefining \relbar on input line 969.
LaTeX Info: Redefining \Relbar on input line 970.
\c@MaxMatrixCols=\count369
\dotsspace@=\muskip18
\c@parentequation=\count370
\dspbrk@lvl=\count371
\tag@help=\toks29
\row@=\count372
\column@=\count373
\maxfields@=\count374
\andhelp@=\toks30
\eqnshift@=\dimen260
\alignsep@=\dimen261
\tagshift@=\dimen262
\tagwidth@=\dimen263
\totwidth@=\dimen264
\lineht@=\dimen265
\@envbody=\toks31
\multlinegap=\skip259
\multlinetaggap=\skip260
\mathdisplay@stack=\toks32
LaTeX Info: Redefining \[ on input line 2950.
LaTeX Info: Redefining \] on input line 2951.
) (/usr/local/texlive/2026basic/texmf-dist/tex/latex/amsfonts/amssymb.sty
Package: amssymb 2013/01/14 v3.01 AMS font symbols
 (/usr/local/texlive/2026basic/texmf-dist/tex/latex/amsfonts/amsfonts.sty
Package: amsfonts 2013/01/14 v3.01 Basic AMSFonts support
\symAMSa=\mathgroup4
\symAMSb=\mathgroup5
LaTeX Font Info:    Redeclaring math symbol \hbar on input line 98.
LaTeX Font Info:    Overwriting math alphabet `\mathfrak' in version `bold'
(Font)                  U/euf/m/n --> U/euf/b/n on input line 106.
)) (/usr/local/texlive/2026basic/texmf-dist/tex/latex/base/textcomp.sty
Package: textcomp 2024/04/24 v2.1b Standard LaTeX package
) (/usr/local/texlive/2026basic/texmf-dist/tex/latex/graphics/color.sty
Package: color 2025/01/14 v1.3e Standard LaTeX Color (DPC)
 (/usr/local/texlive/2026basic/texmf-dist/tex/latex/graphics-cfg/color.cfg
File: color.cfg 2016/01/02 v1.6 sample color configuration
)
Package color Info: Driver file: pdftex.def on input line 149.
 (/usr/local/texlive/2026basic/texmf-dist/tex/latex/graphics-def/pdftex.def
File: pdftex.def 2025/09/29 v1.2d Graphics/color driver for pdftex
) (/usr/local/texlive/2026basic/texmf-dist/tex/latex/graphics/mathcolor.ltx)) (/usr/local/texlive/2026basic/texmf-dist/tex/latex/supertabular/supertabular.sty
Package: supertabular 2025/06/26 v4.2d the supertabular environment
\c@tracingst=\count375
\ST@wd=\dimen266
\ST@rightskip=\skip261
\ST@leftskip=\skip262
\ST@parfillskip=\skip263
\ST@pageleft=\dimen267
\ST@headht=\dimen268
\ST@tailht=\dimen269
\ST@pagesofar=\dimen270
\ST@pboxht=\dimen271
\ST@rowht=\dimen272
\ST@prevht=\dimen273
\ST@toadd=\dimen274
\ST@dimen=\dimen275
\ST@pbox=\box61
) (/usr/local/texlive/2026basic/texmf-dist/tex/latex/listings/listings.sty
\lst@mode=\count376
\lst@gtempboxa=\box62
\lst@token=\toks33
\lst@length=\count377
\lst@currlwidth=\dimen276
\lst@column=\count378
\lst@pos=\count379
\lst@lostspace=\dimen277
\lst@width=\dimen278
\lst@newlines=\count380
\lst@lineno=\count381
\lst@maxwidth=\dimen279
 (/usr/local/texlive/2026basic/texmf-dist/tex/latex/listings/lstpatch.sty
File: lstpatch.sty 2025/11/14 1.11b (Carsten Heinz)
) (/usr/local/texlive/2026basic/texmf-dist/tex/latex/listings/lstmisc.sty
File: lstmisc.sty 2025/11/14 1.11b (Carsten Heinz)
\c@lstnumber=\count382
\lst@skipnumbers=\count383
\lst@framebox=\box63
) (/usr/local/texlive/2026basic/texmf-dist/tex/latex/listings/listings.cfg
File: listings.cfg 2025/11/14 1.11b listings configuration
))
Package: listings 2025/11/14 1.11b (Carsten Heinz)

==> First Aid for listings.sty no longer applied!
    Expected:
        2024/09/23 1.10c (Carsten Heinz)
    but found:
        2025/11/14 1.11b (Carsten Heinz)
    so I'm assuming it got fixed.
(/usr/local/texlive/2026basic/texmf-dist/tex/latex/lastpage/lastpage.sty
Package: lastpage 2025/08/14 v2.1h lastpage: 2.09 or 2e? (HMM)
 (/usr/local/texlive/2026basic/texmf-dist/tex/latex/lastpage/lastpage2e.sty
Package: lastpage2e 2025/08/14 v2.1h Decide which 2e lastpage version to use (HMM)
 (/usr/local/texlive/2026basic/texmf-dist/tex/latex/lastpage/lastpagemodern.sty
Package: lastpagemodern 2025-08-14 v2.1h Refers to last page's name (HMM; JPG)
\c@lastpagecount=\count384
) 
)) (/usr/local/texlive/2026basic/texmf-dist/tex/latex/tools/indentfirst.sty
Package: indentfirst 2023/07/02 v1.03 Indent first paragraph (DPC)
) (/usr/local/texlive/2026basic/texmf-dist/tex/latex/tools/hhline.sty
Package: hhline 2020/01/04 v2.04 Table rule package (DPC)
) (/usr/local/texlive/2026basic/texmf-dist/tex/latex/graphics/graphicx.sty
Package: graphicx 2024/12/31 v1.2e Enhanced LaTeX Graphics (DPC,SPQR)
 (/usr/local/texlive/2026basic/texmf-dist/tex/latex/graphics/graphics.sty
Package: graphics 2024/08/06 v1.4g Standard LaTeX Graphics (DPC,SPQR)
 (/usr/local/texlive/2026basic/texmf-dist/tex/latex/graphics/trig.sty
Package: trig 2023/12/02 v1.11 sin cos tan (DPC)
) (/usr/local/texlive/2026basic/texmf-dist/tex/latex/graphics-cfg/graphics.cfg
File: graphics.cfg 2016/06/04 v1.11 sample graphics configuration
)
Package graphics Info: Driver file: pdftex.def on input line 106.
)
\Gin@req@height=\dimen280
\Gin@req@width=\dimen281
) (/usr/local/texlive/2026basic/texmf-dist/tex/latex/mathtools/mathtools.sty
Package: mathtools 2024/10/04 v1.31 mathematical typesetting tools
 (/usr/local/texlive/2026basic/texmf-dist/tex/latex/mathtools/mhsetup.sty
Package: mhsetup 2021/03/18 v1.4 programming setup (MH)
)
\g_MT_multlinerow_int=\count385
\l_MT_multwidth_dim=\dimen282
\origjot=\skip264
\l_MT_shortvdotswithinadjustabove_dim=\dimen283
\l_MT_shortvdotswithinadjustbelow_dim=\dimen284
\l_MT_above_intertext_sep=\dimen285
\l_MT_below_intertext_sep=\dimen286
\l_MT_above_shortintertext_sep=\dimen287
\l_MT_below_shortintertext_sep=\dimen288
\xmathstrut@box=\box64
\xmathstrut@dim=\dimen289
) (/usr/local/texlive/2026basic/texmf-dist/tex/latex/seqsplit/seqsplit.sty
Package: seqsplit 2006/08/07 v0.1 Splitting long sequences (DNA, RNA, proteins, etc.) 
) (/usr/local/texlive/2026basic/texmf-dist/tex/latex/caption/caption.sty
Package: caption 2023/08/05 v3.6o Customizing captions (AR)
 (/usr/local/texlive/2026basic/texmf-dist/tex/latex/caption/caption3.sty
Package: caption3 2023/07/31 v2.4d caption3 kernel (AR)
\caption@tempdima=\dimen290
\captionmargin=\dimen291
\caption@leftmargin=\dimen292
\caption@rightmargin=\dimen293
\caption@width=\dimen294
\caption@indent=\dimen295
\caption@parindent=\dimen296
\caption@hangindent=\dimen297
Package caption Info: memoir document class detected.
 (/usr/local/texlive/2026basic/texmf-dist/tex/latex/caption/caption-memoir.sto
File: caption-memoir.sto 2023/09/08 v2.2c Adaption of the caption package to the memoir document class (AR)
))
\c@caption@flags=\count386
\c@continuedfloat=\count387
Package caption Info: changepage package is loaded.
\caption@adjustwidth@hsize=\dimen298
\caption@adjustwidth@linewidth=\dimen299
Package caption Info: hyperref package is loaded.
Package caption Info: listings package is loaded.
Package caption Info: supertabular package is loaded.
) (/usr/local/texlive/2026basic/texmf-dist/tex/latex/glossaries/base/glossaries.sty
Package: glossaries 2026/04/21 v5.1 (NLCT)
 (/usr/local/texlive/2026basic/texmf-dist/tex/latex/xkeyval/xkeyval.sty
Package: xkeyval 2025/11/04 v2.10 package option processing (HA)
 (/usr/local/texlive/2026basic/texmf-dist/tex/generic/xkeyval/xkeyval.tex (/usr/local/texlive/2026basic/texmf-dist/tex/generic/xkeyval/xkvutils.tex
\XKV@toks=\toks34
\XKV@tempa@toks=\toks35
\XKV@tempb@toks=\toks36
)
\XKV@depth=\count388
File: xkeyval.tex 2014/12/03 v2.7a key=value parser (HA)
)) (/usr/local/texlive/2026basic/texmf-dist/tex/latex/mfirstuc/mfirstuc.sty
Package: mfirstuc 2025/04/03 v2.09 (NLCT)
\@glsmfirst=\toks37
\@glsmrest=\toks38
) (/usr/local/texlive/2026basic/texmf-dist/tex/latex/xfor/xfor.sty
Package: xfor 2009/02/05 v1.05 (NLCT)
) (/usr/local/texlive/2026basic/texmf-dist/tex/latex/tracklang/tracklang.sty
Package: tracklang 2026/05/24 v1.6.8 (NLCT) Track Languages
 (/usr/local/texlive/2026basic/texmf-dist/tex/generic/tracklang/tracklang.tex)
Package tracklang Info: Tracking dialect `english' (language `english') on input line 52.
Package tracklang Info: Tracking dialect `brazil' (language `portuges') on input line 52.
) (/usr/local/texlive/2026basic/texmf-dist/tex/latex/translator/translator.sty
Package: translator 2021-05-31 v1.12d Easy translation of strings in LaTeX
)

Package glossaries Warning: No language module detected for `english'.
(glossaries)                Language modules need to be installed separately.
(glossaries)                Please check on CTAN for a bundle called
(glossaries)                `glossaries-english' or similar.


Package glossaries Warning: No language module detected for `brazil'.
(glossaries)                Language modules need to be installed separately.
(glossaries)                Please check on CTAN for a bundle called
(glossaries)                `glossaries-portuges' or similar.

(/usr/local/texlive/2026basic/texmf-dist/tex/latex/datatool/datatool-base.sty
Package: datatool-base 2025/12/04 v3.4.3 (NLCT)
\l__datatool_tmpa_int=\count389
\l__datatool_tmpb_int=\count390
\l__datatool_tmpc_int=\count391
\l__datatool_tmpd_int=\count392
\l__datatool_count_int=\count393
\l__datatool_tmp_datatype_int=\count394
\l__datatool_tmpa_dim=\dimen300
\l__datatool_tmpb_dim=\dimen301
 (/usr/local/texlive/2026basic/texmf-dist/tex/latex/datatool/datatool-l3fp.def
File: datatool-l3fp.def 2025/12/04 v3.4.3 (NLCT)
)
\@dtl@toks=\toks39
\@dtl@tmpcount=\count395
\dtl@tmplength=\skip265
\l__datatool_measure_box=\box65
\dtl@sortresult=\count396
 (/usr/local/texlive/2026basic/texmf-dist/tex/latex/datatool/datatool-utf8.ldf
File: datatool-utf8.ldf 2025/12/04 v3.4.3 (NLCT)
)
\@dtl@datatype=\count397
\c_datatool_unknown_int=\count398
\l__datatool_year_int=\count399
\l__datatool_month_int=\count400
\l__datatool_day_int=\count401
\l__datatool_hour_int=\count402
\l__datatool_minute_int=\count403
\l__datatool_second_int=\count404
\l__datatool_tzhour_int=\count405
\l__datatool_tzminute_int=\count406
\l__datatool_julian_int=\count407
\l__datatool_local_julian_int=\count408
\l__datatool_prefix_int=\count409
\l__datatool_suffix_int=\count410
\@dtl@foreach@level=\count411


Package tracklang Warning: No `datatool' support for dialect `english'  on input line 9924.


Package tracklang Warning: No `datatool' support for dialect `brazil'  on input line 9924.


Package tracklang Warning: No `datatool' support for dialect `brazil'  on input line 9924.

\dtl@codeA=\count412
\dtl@codeB=\count413
)
\gls@level=\count414
\@gls@tmpb=\toks40
\gls@tmplen=\skip266
\l__glossaries_tmpa_dim=\dimen302
\l__glossaries_tmpb_dim=\dimen303
\c@glossarysubentry=\count415
\glskeylisttok=\toks41
\glslabeltok=\toks42
\glsshorttok=\toks43
\glslongtok=\toks44
 (/usr/local/texlive/2026basic/texmf-dist/tex/latex/glossaries/styles/glossary-hypernav.sty
Package: glossary-hypernav 2026/04/21 v5.1 (NLCT)
) (/usr/local/texlive/2026basic/texmf-dist/tex/latex/glossaries/styles/glossary-list.sty
Package: glossary-list 2026/04/21 v5.1 (NLCT)
\glslistdottedwidth=\skip267
) (/usr/local/texlive/2026basic/texmf-dist/tex/latex/glossaries/styles/glossary-long.sty
Package: glossary-long 2026/04/21 v5.1 (NLCT)
 (/usr/local/texlive/2026basic/texmf-dist/tex/latex/tools/longtable.sty
Package: longtable 2025-10-13 v4.24 Multi-page Table package (DPC)
\LTleft=\skip268
\LTright=\skip269
\LTpre=\skip270
\LTpost=\skip271
\LTchunksize=\count416
\LTcapwidth=\dimen304
\LT@head=\box66
\LT@firsthead=\box67
\LT@foot=\box68
\LT@lastfoot=\box69
\LT@gbox=\box70
\LT@cols=\count417
\LT@rows=\count418
\c@LT@tables=\count419
\c@LT@chunks=\count420
\LT@p@ftn=\toks45
)
\glsdescwidth=\skip272
\glspagelistwidth=\skip273
) (/usr/local/texlive/2026basic/texmf-dist/tex/latex/glossaries/styles/glossary-super.sty
Package: glossary-super 2026/04/21 v5.1 (NLCT)
) (/usr/local/texlive/2026basic/texmf-dist/tex/latex/glossaries/styles/glossary-tree.sty
Package: glossary-tree 2026/04/21 v5.1 (NLCT)
\l__glossaries_tree_max_known_level_int=\count421
\l__glossaries_tree_offset_dim=\dimen305
\l__glossaries_tree_namewidth_dim=\dimen306
\l__glossaries_tree_symbolwidth_dim=\dimen307
\l__glossaries_tree_prenamesym_width_dim=\dimen308
\l__glossaries_tree_presubnamesym_width_dim=\dimen309
\l__glossaries_tree_namewidth_padding_dim=\dimen310
\l__glossaries_tree_symbolwidth_padding_dim=\dimen311
\l__glossaries_tree_namesymbolwidth_dim=\dimen312
\l__glossaries_tree_namesymbolwidth_padding_dim=\dimen313
\l__glossaries_tree_level_int=\count422
\glstreeindent=\skip274
)) (/usr/local/texlive/2026basic/texmf-dist/tex/latex/abntex2/abntex2cite.sty
Package: abntex2cite 2018/11/24 v-1.9.7 abnTeX2
 (/usr/local/texlive/2026basic/texmf-dist/tex/latex/abntex2/abntex2abrev.sty)
\minimumbiblabelwidth=\skip275
\ABCIauxlen=\skip276
\c@ABCIaux=\count423
\c@ABCImax=\count424
 (/usr/local/texlive/2026basic/texmf-dist/tex/generic/iftex/ifpdf.sty
Package: ifpdf 2019/10/25 v3.4 ifpdf legacy package. Use iftex instead.
) (/usr/local/texlive/2026basic/texmf-dist/tex/generic/iftex/ifxetex.sty
Package: ifxetex 2019/10/25 v0.7 ifxetex legacy package. Use iftex instead.
)
\biblabelsep=\skip277
LaTeX Info: Redefining \newblock on input line 591.
LaTeX Info: Redefining \cite on input line 618.
\ABCItoken=\toks46
) (/usr/local/texlive/2026basic/texmf-dist/tex/latex/geometry/geometry.sty
Package: geometry 2020/01/02 v5.9 Page Geometry
 (/usr/local/texlive/2026basic/texmf-dist/tex/generic/iftex/ifvtex.sty
Package: ifvtex 2019/10/25 v1.7 ifvtex legacy package. Use iftex instead.
)
\Gm@cnth=\count425
\Gm@cntv=\count426
\c@Gm@tempcnt=\count427
\Gm@bindingoffset=\dimen314
\Gm@wd@mp=\dimen315
\Gm@odd@mp=\dimen316
\Gm@even@mp=\dimen317
\Gm@layoutwidth=\dimen318
\Gm@layoutheight=\dimen319
\Gm@layouthoffset=\dimen320
\Gm@layoutvoffset=\dimen321
\Gm@dimlist=\toks47
) (./elementos-pretextuais/personalizar.tex) (./url16023.sty

LaTeX Warning: You have requested package `url16023',
               but the package provides `url6023'.

Package: url6023 
)
\c@quadro=\count428
\c@loqdepth=\count429
\cftbeforequadroskip=\skip278
\cftquadroindent=\skip279
\cftquadronumwidth=\skip280
Package hyperref Info: Option `colorlinks' set `true' on input line 176.
 (./codigos/linguagens.tex))
\glswrite=\write4
\glo@main@file=\write5
\openout5 = `main.glo'.

Package glossaries Info: Writing glossary file main.glo on input line 10.
 (./elementos-postextuais/glossario.tex) (./main.aux
Package babel Info: 'brazil' activates 'portuges' shorthands.
(babel)             Reported on input line 22.


LaTeX Warning: Label `fig:listagem-acoes' multiply defined.

)
\openout1 = `main.aux'.

LaTeX Font Info:    Checking defaults for OML/cmm/m/it on input line 19.
LaTeX Font Info:    ... okay on input line 19.
LaTeX Font Info:    Checking defaults for OMS/cmsy/m/n on input line 19.
LaTeX Font Info:    ... okay on input line 19.
LaTeX Font Info:    Checking defaults for OT1/cmr/m/n on input line 19.
LaTeX Font Info:    ... okay on input line 19.
LaTeX Font Info:    Checking defaults for T1/cmr/m/n on input line 19.
LaTeX Font Info:    ... okay on input line 19.
LaTeX Font Info:    Checking defaults for TS1/cmr/m/n on input line 19.
LaTeX Font Info:    ... okay on input line 19.
LaTeX Font Info:    Checking defaults for OMX/cmex/m/n on input line 19.
LaTeX Font Info:    ... okay on input line 19.
LaTeX Font Info:    Checking defaults for U/cmr/m/n on input line 19.
LaTeX Font Info:    ... okay on input line 19.
LaTeX Font Info:    Checking defaults for PD1/pdf/m/n on input line 19.
LaTeX Font Info:    ... okay on input line 19.
LaTeX Font Info:    Checking defaults for PU/pdf/m/n on input line 19.
LaTeX Font Info:    ... okay on input line 19.
Package hyperref Info: Link coloring ON on input line 19.
\myptabbox=\box71
\myptabboxwidth=\skip281
 (/usr/local/texlive/2026basic/texmf-dist/tex/context/base/mkii/supp-pdf.mkii
[Loading MPS to PDF converter (version 2006.09.02).]
\scratchcounter=\count430
\scratchdimen=\dimen322
\scratchbox=\box72
\nofMPsegments=\count431
\nofMParguments=\count432
\everyMPshowfont=\toks48
\MPscratchCnt=\count433
\MPscratchDim=\dimen323
\MPnumerator=\count434
\makeMPintoPDFobject=\count435
\everyMPtoPDFconversion=\toks49
) (/usr/local/texlive/2026basic/texmf-dist/tex/latex/epstopdf-pkg/epstopdf-base.sty
Package: epstopdf-base 2020-01-24 v2.11 Base part for package epstopdf
Package epstopdf-base Info: Redefining graphics rule for `.eps' on input line 485.
 (/usr/local/texlive/2026basic/texmf-dist/tex/latex/latexconfig/epstopdf-sys.cfg
File: epstopdf-sys.cfg 2010/07/13 v1.3 Configuration of (r)epstopdf for TeX Live
))
\c@lstlisting=\count436
Package caption Info: Begin \AtBeginDocument code.
Package caption Info: longtable package is loaded.
 (/usr/local/texlive/2026basic/texmf-dist/tex/latex/caption/ltcaption.sty
Package: ltcaption 2021/01/08 v1.4c longtable captions (AR)
)
Package caption Info: End \AtBeginDocument code.

*geometry* driver: auto-detecting
*geometry* detected driver: pdftex
*geometry* verbose mode - [ preamble ] result:
* driver: pdftex
* paper: a4paper
* layout: <same size as paper>
* layoutoffset:(h,v)=(0.0pt,0.0pt)
* modes: 
* h-part:(L,W,R)=(71.13188pt, 455.24411pt, 71.13188pt)
* v-part:(T,H,B)=(71.13188pt, 702.78308pt, 71.13188pt)
* \paperwidth=597.50787pt
* \paperheight=845.04684pt
* \textwidth=455.24411pt
* \textheight=702.78308pt
* \oddsidemargin=-1.1381pt
* \evensidemargin=-1.1381pt
* \topmargin=-35.5119pt
* \headheight=14.5pt
* \headsep=19.8738pt
* \topskip=12.0pt
* \footskip=30.0pt
* \marginparwidth=42.9055pt
* \marginparsep=7.0pt
* \columnsep=10.0pt
* \skip\footins=12.0pt plus 4.0pt minus 4.0pt
* \hoffset=0.0pt
* \voffset=0.0pt
* \mag=1000
* \@twocolumnfalse
* \@twosidefalse
* \@mparswitchfalse
* \@reversemarginfalse
* (1in=72.27pt=25.4mm, 1cm=28.453pt)

[1

\openout4 = `main.ist'.

{/usr/local/texlive/2026basic/texmf-var/fonts/map/pdftex/updmap/pdftex.map}]
pdfTeX warning (ext4): destination with the same identifier (name{page.1}) has been already used, duplicate ignored
<to be read again> 
                   \relax 
l.33 \imprimirfolhaderosto
                           [1


]
<./figuras/ModeloMonografiaDCCUFRJ-img001.png, id=14, 404.26031pt x 282.30469pt>
File: ./figuras/ModeloMonografiaDCCUFRJ-img001.png Graphic file (type png)
<use ./figuras/ModeloMonografiaDCCUFRJ-img001.png>
Package pdftex.def Info: ./figuras/ModeloMonografiaDCCUFRJ-img001.png  used on input line 46.
(pdftex.def)             Requested size: 404.51839pt x 282.52797pt.
 (./elementos-pretextuais/folhadeaprovacao.tex
pdfTeX warning (ext4): destination with the same identifier (name{page.1}) has been already used, duplicate ignored
<to be read again> 
                   \relax 
l.2 \vspace
           *{\fill} [1


 <./figuras/ModeloMonografiaDCCUFRJ-img001.png>] [2

]) (./elementos-pretextuais/dedicatoria.tex) (./elementos-pretextuais/agradecimentos.tex [3


] [4]) (./elementos-pretextuais/resumo.tex [5

]) (./elementos-pretextuais/abstract.tex [6

]) (./main.lof
LaTeX Font Info:    Trying to load font information for U+msa on input line 2.
 (/usr/local/texlive/2026basic/texmf-dist/tex/latex/amsfonts/umsa.fd
File: umsa.fd 2013/01/14 v3.01 AMS symbols A
)
LaTeX Font Info:    Trying to load font information for U+msb on input line 2.
 (/usr/local/texlive/2026basic/texmf-dist/tex/latex/amsfonts/umsb.fd
File: umsb.fd 2013/01/14 v3.01 AMS symbols B
) [7

]) [8] (./main.loq) [9

] (./elementos-pretextuais/abreviaturas.tex [10


] [11]) (./elementos-pretextuais/simbolos.tex) (./main.toc [12

] [13]) [14] (./elementos-textuais/1-Introducao.tex
Cap\'{\i }tulo 1.
[15


] [16]) (./elementos-textuais/2-Fundamentacao.tex [17]
Cap\'{\i }tulo 2.
[18

] [19] [20] [21] [22]
<figuras/estrela.png, id=524, 845.1575pt x 574.145pt>
File: figuras/estrela.png Graphic file (type png)
<use figuras/estrela.png>
Package pdftex.def Info: figuras/estrela.png  used on input line 59.
(pdftex.def)             Requested size: 455.24411pt x 309.2715pt.
 [23 <./figuras/estrela.png>] [24]) (./elementos-textuais/3-Metodologia.tex [25]
Cap\'{\i }tulo 3.
[26

] [27] [28]

Package caption Warning: The option `hypcap=true' will be ignored for this
(caption)                particular \caption on input line 63.
See the caption package documentation for explanation.


Underfull \hbox (badness 10000) in paragraph at lines 67--67
[]|\T1/cmr/bx/n/10 Campo Ori-
 []


Overfull \hbox (7.32079pt too wide) in alignment at lines 65--68
 [] [] [] [] 
 []


Underfull \hbox (badness 10000) in paragraph at lines 72--72
[]|\T1/cmr/bx/n/10 Campo Ori-
 []


Overfull \hbox (7.32079pt too wide) in alignment at lines 68--73
 [] [] [] [] 
 []


Overfull \hbox (7.32079pt too wide) in alignment at lines 73--77
 [] [] [] [] 
 []


Overfull \hbox (7.32079pt too wide) in alignment at lines 77--80
 [] [] [] [] 
 []


Underfull \hbox (badness 2547) in paragraph at lines 87--87
[]|\T1/cmr/m/n/10 Segmento de in-dús-tria es-pe-cí-fico
 []


Underfull \hbox (badness 10000) in paragraph at lines 99--99
[]|\T1/cmr/m/n/10 Nome do in-di-ca-dor fun-da-men-
 []


Underfull \hbox (badness 4967) in paragraph at lines 99--99
\T1/cmr/m/n/10 ta-lista, como EBITDA Mar-gin,
 []


Underfull \hbox (badness 8075) in paragraph at lines 99--99
\T1/cmr/m/n/10 EV/EBITDA, Trai-ling Di-vi-dend
 []


Overfull \hbox (2.35017pt too wide) in paragraph at lines 102--102
[]|\T1/cmtt/m/n/10 Dim_FaixaRisco| 
 []


Overfull \hbox (2.35017pt too wide) in paragraph at lines 103--103
[]|\T1/cmtt/m/n/10 Dim_FaixaRisco| 
 []


Overfull \hbox (2.35017pt too wide) in paragraph at lines 104--104
[]|\T1/cmtt/m/n/10 Dim_FaixaRisco| 
 []


Underfull \hbox (badness 1742) in paragraph at lines 104--104
[]|\T1/cmr/m/n/10 Descriçăo tex-tual dos li-mi-tes de
 []


Overfull \hbox (7.32079pt too wide) in alignment at lines 80--118
 [] [] [] [] 
 []


ignored: Infinite glue shrinkage found in box being split [29]
ignored: Infinite glue shrinkage found in box being split [30]
ignored: Infinite glue shrinkage found in box being split [31]
<figuras/logico_2.png, id=609, 1609.01125pt x 1121.18875pt>
File: figuras/logico_2.png Graphic file (type png)
<use figuras/logico_2.png>
Package pdftex.def Info: figuras/logico_2.png  used on input line 129.
(pdftex.def)             Requested size: 409.71692pt x 285.49731pt.
 [32 <./figuras/logico_2.png (PNG copy)>]

Package caption Warning: The option `hypcap=true' will be ignored for this
(caption)                particular \caption on input line 143.
See the caption package documentation for explanation.


Underfull \hbox (badness 10000) in paragraph at lines 147--147
[]|\T1/cmr/bx/n/10 Tabela
 []


Underfull \hbox (badness 10000) in paragraph at lines 152--152
[]|\T1/cmr/bx/n/10 Tabela
 []


Underfull \hbox (badness 10000) in paragraph at lines 163--163
[]|\T1/cmr/m/n/10 Chave raiz do ob-jeto
 []


Underfull \hbox (badness 10000) in paragraph at lines 168--168
[]|\T1/cmr/m/n/10 Manter tipo nu-mé-rico
 []


Overfull \hbox (1.66078pt too wide) in paragraph at lines 170--170
[]|\T1/cmtt/m/n/10 info_gerais.pvpa_atual| 
 []


Overfull \hbox (3.86995pt too wide) in paragraph at lines 176--176
[]|\T1/cmtt/m/n/10 data_coleta_dados| 
 []


Underfull \hbox (badness 1057) in paragraph at lines 183--183
[]|\T1/cmr/m/n/10 Calcular tri-mes-tre ba-se-ado no
 []


Underfull \hbox (badness 1275) in paragraph at lines 186--186
[]|\T1/cmtt/m/n/10 F a t o _ I n d i c
 []


Underfull \hbox (badness 10000) in paragraph at lines 186--186
[]|\T1/cmtt/m/n/10 indicador_key
 []


Underfull \hbox (badness 10000) in paragraph at lines 187--187
[]|\T1/cmr/m/n/10 Nome do ín-dice (ex.:
 []


Underfull \hbox (badness 1275) in paragraph at lines 187--187
[]|\T1/cmtt/m/n/10 D i m _ T i p o I n
 []


Underfull \hbox (badness 1275) in paragraph at lines 188--188
[]|\T1/cmtt/m/n/10 D i m _ T i p o I n
 []


Underfull \hbox (badness 1275) in paragraph at lines 189--189
[]|\T1/cmtt/m/n/10 D i m _ T i p o I n
 []


Underfull \hbox (badness 1852) in paragraph at lines 190--190
[]|\T1/cmr/m/it/10 Lookup \T1/cmr/m/n/10 na di-men-săo: bus-car
 []


Underfull \hbox (badness 1275) in paragraph at lines 190--190
[]|\T1/cmtt/m/n/10 F a t o _ I n f o A
 []


Underfull \hbox (badness 1852) in paragraph at lines 191--191
[]|\T1/cmr/m/it/10 Lookup \T1/cmr/m/n/10 na di-men-săo: bus-car
 []


Underfull \hbox (badness 1275) in paragraph at lines 191--191
[]|\T1/cmtt/m/n/10 F a t o _ I n f o A
 []


Underfull \hbox (badness 10000) in paragraph at lines 192--192
[]|\T1/cmr/m/n/10 Manter tipo nu-mé-rico
 []


Underfull \hbox (badness 1275) in paragraph at lines 192--192
[]|\T1/cmtt/m/n/10 F a t o _ I n f o A
 []


Underfull \hbox (badness 10000) in paragraph at lines 193--193
[]|\T1/cmr/m/n/10 Manter tipo nu-mé-rico
 []


Underfull \hbox (badness 1275) in paragraph at lines 193--193
[]|\T1/cmtt/m/n/10 F a t o _ I n f o A
 []


Underfull \hbox (badness 1275) in paragraph at lines 194--194
[]|\T1/cmtt/m/n/10 F a t o _ I n f o A
 []


Underfull \hbox (badness 1275) in paragraph at lines 195--195
[]|\T1/cmtt/m/n/10 F a t o _ I n d i c
 []


Underfull \hbox (badness 1275) in paragraph at lines 196--196
[]|\T1/cmtt/m/n/10 F a t o _ I n d i c
 []


Underfull \hbox (badness 1275) in paragraph at lines 197--197
[]|\T1/cmtt/m/n/10 F a t o _ I n d i c
 []


Underfull \hbox (badness 10000) in paragraph at lines 197--197
[]|\T1/cmtt/m/n/10 indicador_key
 []


Underfull \hbox (badness 1275) in paragraph at lines 198--198
[]|\T1/cmtt/m/n/10 F a t o _ I n d i c
 []


ignored: Infinite glue shrinkage found in box being split [33]
ignored: Infinite glue shrinkage found in box being split [34]
<figuras/fluxo2.png, id=632, 1693.32625pt x 913.4125pt>
File: figuras/fluxo2.png Graphic file (type png)
<use figuras/fluxo2.png>
Package pdftex.def Info: figuras/fluxo2.png  used on input line 214.
(pdftex.def)             Requested size: 455.24411pt x 245.56541pt.
 [35 <./figuras/fluxo2.png (PNG copy)>] [36] [37] [38] [39] [40]

Package caption Warning: The option `hypcap=true' will be ignored for this
(caption)                particular \caption on input line 319.
See the caption package documentation for explanation.

[41] [42] [43]) (./elementos-textuais/4-Implementacao.tex [44]
Cap\'{\i }tulo 4.

Underfull \hbox (badness 10000) in paragraph at lines 22--22
[]|\T1/cmr/m/it/12 Python\T1/cmr/m/n/12 , \T1/cmr/m/it/12 pan-das\T1/cmr/m/n/12 , \T1/cmr/m/it/12 yfi-
 []

[45

] [46]
Overfull \hbox (3.48534pt too wide) in paragraph at lines 83--83
[]|\T1/cmtt/m/n/12 /exposicao-setorial| 
 []


Overfull \hbox (3.48534pt too wide) in paragraph at lines 86--86
[]|\T1/cmtt/m/n/12 /indice-customizado| 
 []


LaTeX Warning: `h' float specifier changed to `ht'.

<figuras/capaCompleto.jpg, id=745, 1634.105pt x 847.165pt>
File: figuras/capaCompleto.jpg Graphic file (type jpg)
<use figuras/capaCompleto.jpg>
Package pdftex.def Info: figuras/capaCompleto.jpg  used on input line 99.
(pdftex.def)             Requested size: 455.24411pt x 236.0024pt.
[47] [48 <./figuras/capaCompleto.jpg>]
<figuras/filtros.png, id=764, 1649.16125pt x 207.77625pt>
File: figuras/filtros.png Graphic file (type png)
<use figuras/filtros.png>
Package pdftex.def Info: figuras/filtros.png  used on input line 116.
(pdftex.def)             Requested size: 455.24411pt x 57.35263pt.
 [49 <./figuras/filtros.png>]
<figuras/alocacaoCompleto.png, id=773, 1334.9875pt x 1368.11125pt>
File: figuras/alocacaoCompleto.png Graphic file (type png)
<use figuras/alocacaoCompleto.png>
Package pdftex.def Info: figuras/alocacaoCompleto.png  used on input line 133.
(pdftex.def)             Requested size: 455.24411pt x 466.52946pt.
<figuras/listagemCompleto.jpg, id=775, 1475.5125pt x 1053.9375pt>
File: figuras/listagemCompleto.jpg Graphic file (type jpg)
<use figuras/listagemCompleto.jpg>
Package pdftex.def Info: figuras/listagemCompleto.jpg  used on input line 146.
(pdftex.def)             Requested size: 455.24411pt x 325.1734pt.
) [50] (./elementos-textuais/5-Resultados.tex [51 <./figuras/alocacaoCompleto.png (PNG copy)>] [52 <./figuras/listagemCompleto.jpg>]
Cap\'{\i }tulo 5.
[53

] [54]
<figuras/PerformanceIndiceSintetico1.png, id=801, 938.50626pt x 748.7975pt>
File: figuras/PerformanceIndiceSintetico1.png Graphic file (type png)
<use figuras/PerformanceIndiceSintetico1.png>
Package pdftex.def Info: figuras/PerformanceIndiceSintetico1.png  used on input line 42.
(pdftex.def)             Requested size: 455.24411pt x 363.21205pt.
 [55 <./figuras/PerformanceIndiceSintetico1.png>]
<figuras/PerformanceIndiceSintetico4.png, id=816, 1009.7725pt x 807.015pt>
File: figuras/PerformanceIndiceSintetico4.png Graphic file (type png)
<use figuras/PerformanceIndiceSintetico4.png>
Package pdftex.def Info: figuras/PerformanceIndiceSintetico4.png  used on input line 52.
(pdftex.def)             Requested size: 455.24411pt x 363.83067pt.
 [56 <./figuras/PerformanceIndiceSintetico4.png>]
<figuras/PerformanceIndiceSintetico2.png, id=828, 991.705pt x 795.97375pt>
File: figuras/PerformanceIndiceSintetico2.png Graphic file (type png)
<use figuras/PerformanceIndiceSintetico2.png>
Package pdftex.def Info: figuras/PerformanceIndiceSintetico2.png  used on input line 62.
(pdftex.def)             Requested size: 455.24411pt x 365.3872pt.
<figuras/PerformanceIndiceSintetico3.png, id=831, 1003.75pt x 645.41125pt>
File: figuras/PerformanceIndiceSintetico3.png Graphic file (type png)
<use figuras/PerformanceIndiceSintetico3.png>
Package pdftex.def Info: figuras/PerformanceIndiceSintetico3.png  used on input line 72.
(pdftex.def)             Requested size: 455.24411pt x 292.727pt.
 [57 <./figuras/PerformanceIndiceSintetico2.png>]
<figuras/desviopadrao1016.jpg, id=838, 1015.795pt x 491.8375pt>
File: figuras/desviopadrao1016.jpg Graphic file (type jpg)
<use figuras/desviopadrao1016.jpg>
Package pdftex.def Info: figuras/desviopadrao1016.jpg  used on input line 87.
(pdftex.def)             Requested size: 455.24411pt x 220.42424pt.
 [58 <./figuras/PerformanceIndiceSintetico3.png>]
<figuras/desviopadrao1622.jpg, id=845, 1016.79875pt x 490.83376pt>
File: figuras/desviopadrao1622.jpg Graphic file (type jpg)
<use figuras/desviopadrao1622.jpg>
Package pdftex.def Info: figuras/desviopadrao1622.jpg  used on input line 97.
(pdftex.def)             Requested size: 455.24411pt x 219.7572pt.
 [59 <./figuras/desviopadrao1016.jpg> <./figuras/desviopadrao1622.jpg>]
<figuras/desviopadrao2025.jpg, id=852, 1016.79875pt x 490.83376pt>
File: figuras/desviopadrao2025.jpg Graphic file (type jpg)
<use figuras/desviopadrao2025.jpg>
Package pdftex.def Info: figuras/desviopadrao2025.jpg  used on input line 113.
(pdftex.def)             Requested size: 455.24411pt x 219.7572pt.
<figuras/sazonalidadegeral.jpg, id=854, 1013.7875pt x 523.9575pt>
File: figuras/sazonalidadegeral.jpg Graphic file (type jpg)
<use figuras/sazonalidadegeral.jpg>
Package pdftex.def Info: figuras/sazonalidadegeral.jpg  used on input line 126.
(pdftex.def)             Requested size: 455.24411pt x 235.283pt.
<figuras/sazonalidadesemfs.jpg, id=860, 1015.795pt x 524.96124pt>
File: figuras/sazonalidadesemfs.jpg Graphic file (type jpg)
<use figuras/sazonalidadesemfs.jpg>
Package pdftex.def Info: figuras/sazonalidadesemfs.jpg  used on input line 136.
(pdftex.def)             Requested size: 455.24411pt x 235.26915pt.
 [60 <./figuras/desviopadrao2025.jpg>] [61 <./figuras/sazonalidadegeral.jpg> <./figuras/sazonalidadesemfs.jpg>]
<figuras/matriz.png, id=873, 950.55125pt x 591.20876pt>
File: figuras/matriz.png Graphic file (type png)
<use figuras/matriz.png>
Package pdftex.def Info: figuras/matriz.png  used on input line 149.
(pdftex.def)             Requested size: 455.24411pt x 283.1455pt.
 [62 <./figuras/matriz.png>]
<figuras/Retornogeral.jpg, id=881, 1016.79875pt x 465.74pt>
File: figuras/Retornogeral.jpg Graphic file (type jpg)
<use figuras/Retornogeral.jpg>
Package pdftex.def Info: figuras/Retornogeral.jpg  used on input line 177.
(pdftex.def)             Requested size: 386.96027pt x 177.24597pt.
 [63 <./figuras/Retornogeral.jpg>]
<figuras/retorno1215.jpg, id=887, 1014.79124pt x 465.74pt>
File: figuras/retorno1215.jpg Graphic file (type jpg)
<use figuras/retorno1215.jpg>
Package pdftex.def Info: figuras/retorno1215.jpg  used on input line 189.
(pdftex.def)             Requested size: 386.96027pt x 177.59421pt.
<figuras/retorno2023.jpg, id=889, 1013.7875pt x 464.73625pt>
File: figuras/retorno2023.jpg Graphic file (type jpg)
<use figuras/retorno2023.jpg>
Package pdftex.def Info: figuras/retorno2023.jpg  used on input line 201.
(pdftex.def)             Requested size: 386.96027pt x 177.38873pt.
 [64 <./figuras/retorno1215.jpg>]
<figuras/mddgeral.jpg, id=896, 1018.80624pt x 466.74374pt>
File: figuras/mddgeral.jpg Graphic file (type jpg)
<use figuras/mddgeral.jpg>
Package pdftex.def Info: figuras/mddgeral.jpg  used on input line 219.
(pdftex.def)             Requested size: 386.96027pt x 177.27899pt.
 [65 <./figuras/retorno2023.jpg>]
<figuras/mdd1017.jpg, id=904, 1015.795pt x 467.7475pt>
File: figuras/mdd1017.jpg Graphic file (type jpg)
<use figuras/mdd1017.jpg>
Package pdftex.def Info: figuras/mdd1017.jpg  used on input line 231.
(pdftex.def)             Requested size: 386.96027pt x 178.18126pt.
<figuras/mdd1923.jpg, id=906, 1018.80624pt x 466.74374pt>
File: figuras/mdd1923.jpg Graphic file (type jpg)
<use figuras/mdd1923.jpg>
Package pdftex.def Info: figuras/mdd1923.jpg  used on input line 243.
(pdftex.def)             Requested size: 386.96027pt x 177.27899pt.
 [66 <./figuras/mddgeral.jpg> <./figuras/mdd1017.jpg>]
<figuras/riscopsgeral.jpg, id=911, 1013.7875pt x 464.73625pt>
File: figuras/riscopsgeral.jpg Graphic file (type jpg)
<use figuras/riscopsgeral.jpg>
Package pdftex.def Info: figuras/riscopsgeral.jpg  used on input line 260.
(pdftex.def)             Requested size: 386.96027pt x 177.38873pt.
 [67 <./figuras/mdd1923.jpg>]
<figuras/riscops1923.jpg, id=918, 1014.79124pt x 463.7325pt>
File: figuras/riscops1923.jpg Graphic file (type jpg)
<use figuras/riscops1923.jpg>
Package pdftex.def Info: figuras/riscops1923.jpg  used on input line 270.
(pdftex.def)             Requested size: 386.96027pt x 176.8287pt.
 [68 <./figuras/riscopsgeral.jpg> <./figuras/riscops1923.jpg>]
<figuras/evolucaogeral.jpg, id=925, 1017.8025pt x 522.95375pt>
File: figuras/evolucaogeral.jpg Graphic file (type jpg)
<use figuras/evolucaogeral.jpg>
Package pdftex.def Info: figuras/evolucaogeral.jpg  used on input line 294.
(pdftex.def)             Requested size: 455.24411pt x 233.90663pt.
 [69] [70 <./figuras/evolucaogeral.jpg>]
<figuras/listagem.jpg, id=935, 1442.38875pt x 764.8575pt>
File: figuras/listagem.jpg Graphic file (type jpg)
<use figuras/listagem.jpg>
Package pdftex.def Info: figuras/listagem.jpg  used on input line 315.
(pdftex.def)             Requested size: 455.24411pt x 241.39821pt.
 [71 <./figuras/listagem.jpg>]
<figuras/perfmuitobaixosem.jpg, id=943, 1018.80624pt x 460.72125pt>
File: figuras/perfmuitobaixosem.jpg Graphic file (type jpg)
<use figuras/perfmuitobaixosem.jpg>
Package pdftex.def Info: figuras/perfmuitobaixosem.jpg  used on input line 339.
(pdftex.def)             Requested size: 455.24411pt x 205.86743pt.
 [72]
<figuras/perfbaixosem.jpg, id=949, 1015.795pt x 451.6875pt>
File: figuras/perfbaixosem.jpg Graphic file (type jpg)
<use figuras/perfbaixosem.jpg>
Package pdftex.def Info: figuras/perfbaixosem.jpg  used on input line 358.
(pdftex.def)             Requested size: 455.24411pt x 202.43042pt.
 [73 <./figuras/perfmuitobaixosem.jpg>]
<figuras/perfmediosem.jpg, id=957, 1014.79124pt x 454.69875pt>
File: figuras/perfmediosem.jpg Graphic file (type jpg)
<use figuras/perfmediosem.jpg>
Package pdftex.def Info: figuras/perfmediosem.jpg  used on input line 375.
(pdftex.def)             Requested size: 455.24411pt x 203.98117pt.
 [74 <./figuras/perfbaixosem.jpg>]
<figuras/perfmediocom.jpg, id=963, 1012.78375pt x 446.66875pt>
File: figuras/perfmediocom.jpg Graphic file (type jpg)
<use figuras/perfmediocom.jpg>
Package pdftex.def Info: figuras/perfmediocom.jpg  used on input line 387.
(pdftex.def)             Requested size: 455.24411pt x 200.77415pt.
 [75 <./figuras/perfmediosem.jpg> <./figuras/perfmediocom.jpg>]
<figuras/perfaltosem.jpg, id=969, 1015.795pt x 448.67625pt>
File: figuras/perfaltosem.jpg Graphic file (type jpg)
<use figuras/perfaltosem.jpg>
Package pdftex.def Info: figuras/perfaltosem.jpg  used on input line 406.
(pdftex.def)             Requested size: 455.24411pt x 201.08089pt.
 [76 <./figuras/perfaltosem.jpg>]
<figuras/perfaltosetor.jpg, id=976, 1012.78375pt x 451.6875pt>
File: figuras/perfaltosetor.jpg Graphic file (type jpg)
<use figuras/perfaltosetor.jpg>
Package pdftex.def Info: figuras/perfaltosetor.jpg  used on input line 418.
(pdftex.def)             Requested size: 455.24411pt x 203.03004pt.
 [77 <./figuras/perfaltosetor.jpg>]
<figuras/perfmuitoaltosem.jpg, id=983, 1011.78pt x 452.69125pt>
File: figuras/perfmuitoaltosem.jpg Graphic file (type jpg)
<use figuras/perfmuitoaltosem.jpg>
Package pdftex.def Info: figuras/perfmuitoaltosem.jpg  used on input line 435.
(pdftex.def)             Requested size: 455.24411pt x 203.68845pt.
 [78 <./figuras/perfmuitoaltosem.jpg>] [79]
<figuras/perfbalanceadosetor.jpg, id=995, 1015.795pt x 447.6725pt>
File: figuras/perfbalanceadosetor.jpg Graphic file (type jpg)
<use figuras/perfbalanceadosetor.jpg>
Package pdftex.def Info: figuras/perfbalanceadosetor.jpg  used on input line 456.
(pdftex.def)             Requested size: 455.24411pt x 200.63104pt.
 [80 <./figuras/perfbalanceadosetor.jpg>] [81]) [82] (./elementos-textuais/6-Conclusao.tex [83]
Cap\'{\i }tulo 6.
[84

] [85]) (./main.bbl [86]
bibitemlist
[87

] [88] [89]) [90]

Package glossaries Warning: No \printglossary or \printglossaries found. 
(Remove \makeglossaries if you don't want any glossaries.) 
This document will not have a glossary.

\tf@lof=\write6
\openout6 = `main.lof'.

\tf@loq=\write7
\openout7 = `main.loq'.

\tf@toc=\write8
\openout8 = `main.toc'.


enddocument/afterlastpage (AED): lastpage setting LastPage.
(./main.aux)
 ***********
LaTeX2e <2025-11-01>
L3 programming layer <2020/03/25>
 ***********


LaTeX Warning: There were multiply-defined labels.

 ) 
Here is how much of TeX's memory you used:
 28628 strings out of 469006
 522094 string characters out of 5454814
 1072924 words of memory out of 5000000
 56619 multiletter control sequences out of 15000+600000
 645091 words of font info for 83 fonts, out of 8000000 for 9000
 319 hyphenation exceptions out of 8191
 99i,12n,107p,2582b,737s stack positions out of 10000i,1000n,20000p,200000b,200000s
 </Users/brenokernrangel/Library/texlive/2026basic/texmf-var/fonts/pk/ljfour/jknappen/ec/ecrm0700.600pk> </Users/brenokernrangel/Library/texlive/2026basic/texmf-var/fonts/pk/ljfour/jknappen/ec/ecti1000.600pk> </Users/brenokernrangel/Library/texlive/2026basic/texmf-var/fonts/pk/ljfour/jknappen/ec/ectt1000.600pk> </Users/brenokernrangel/Library/texlive/2026basic/texmf-var/fonts/pk/ljfour/jknappen/ec/ecbx1000.600pk> </Users/brenokernrangel/Library/texlive/2026basic/texmf-var/fonts/pk/ljfour/jknappen/ec/ectt1200.600pk> </Users/brenokernrangel/Library/texlive/2026basic/texmf-var/fonts/pk/ljfour/jknappen/ec/ecrm0800.600pk> </Users/brenokernrangel/Library/texlive/2026basic/texmf-var/fonts/pk/ljfour/jknappen/ec/ecrm1000.600pk> </Users/brenokernrangel/Library/texlive/2026basic/texmf-var/fonts/pk/ljfour/jknappen/ec/tcrm1200.600pk> </Users/brenokernrangel/Library/texlive/2026basic/texmf-var/fonts/pk/ljfour/jknappen/ec/ecbx1095.600pk> </Users/brenokernrangel/Library/texlive/2026basic/texmf-var/fonts/pk/ljfour/jknappen/ec/ecbi1200.600pk> </Users/brenokernrangel/Library/texlive/2026basic/texmf-var/fonts/pk/ljfour/jknappen/ec/ecti1200.600pk> </Users/brenokernrangel/Library/texlive/2026basic/texmf-var/fonts/pk/ljfour/jknappen/ec/ecbx1200.600pk> </Users/brenokernrangel/Library/texlive/2026basic/texmf-var/fonts/pk/ljfour/jknappen/ec/ecrm1440.600pk> </Users/brenokernrangel/Library/texlive/2026basic/texmf-var/fonts/pk/ljfour/jknappen/ec/ecrm1200.600pk></usr/local/texlive/2026basic/texmf-dist/fonts/type1/public/amsfonts/cm/cmex10.pfb></usr/local/texlive/2026basic/texmf-dist/fonts/type1/public/amsfonts/cm/cmmi10.pfb></usr/local/texlive/2026basic/texmf-dist/fonts/type1/public/amsfonts/cm/cmmi12.pfb></usr/local/texlive/2026basic/texmf-dist/fonts/type1/public/amsfonts/cm/cmmi6.pfb></usr/local/texlive/2026basic/texmf-dist/fonts/type1/public/amsfonts/cm/cmmi8.pfb></usr/local/texlive/2026basic/texmf-dist/fonts/type1/public/amsfonts/cm/cmr10.pfb></usr/local/texlive/2026basic/texmf-dist/fonts/type1/public/amsfonts/cm/cmr12.pfb></usr/local/texlive/2026basic/texmf-dist/fonts/type1/public/amsfonts/cm/cmr8.pfb></usr/local/texlive/2026basic/texmf-dist/fonts/type1/public/amsfonts/cm/cmsy10.pfb></usr/local/texlive/2026basic/texmf-dist/fonts/type1/public/amsfonts/cm/cmsy8.pfb>
Output written on main.pdf (92 pages, 6849428 bytes).
PDF statistics:
 2097 PDF objects out of 2487 (max. 8388607)
 1374 compressed objects within 14 object streams
 297 named destinations out of 1000 (max. 500000)
 861 words of extra memory for PDF output out of 10000 (max. 10000000)

